<?xml version="1.0" encoding="UTF-8"?>
<!-- Generated by org.testng.reporters.JUnitReportReporter -->
<testsuite hostname="DESKTOP-8BFIBTM" failures="0" tests="1" name="MyRunner.TestRunner" time="50.679" errors="0" timestamp="07 Sep 2021 05:19:38 GMT" skipped="0">
  <testcase classname="MyRunner.TestRunner" name="feature" time="50.679"/>
</testsuite> <!-- MyRunner.TestRunner -->
