<?xml version="1.0" encoding="UTF-8"?>
<!-- Generated by org.testng.reporters.JUnitReportReporter -->
<testsuite skipped="0" hostname="DESKTOP-8BFIBTM" name="MyRunner.TestRunner" tests="1" failures="0" timestamp="07 Sep 2021 05:26:13 GMT" time="53.934" errors="0">
  <testcase name="feature" time="53.934" classname="MyRunner.TestRunner"/>
</testsuite> <!-- MyRunner.TestRunner -->
